<?xml version="1.0" encoding="UTF-8"?>
<testsuite name="co.proyecto.sacm.SacmApplicationTests" tests="1" skipped="0" failures="0" errors="0" timestamp="2025-09-04T08:14:19.967Z" hostname="DESKTOP-42R9DG4" time="0.329">
  <properties/>
  <testcase name="contextLoads()" classname="co.proyecto.sacm.SacmApplicationTests" time="0.329"/>
  <system-out><![CDATA[03:14:14.859 [Test worker] INFO org.springframework.test.context.support.AnnotationConfigContextLoaderUtils -- Could not detect default configuration classes for test class [co.proyecto.sacm.SacmApplicationTests]: SacmApplicationTests does not declare any static, non-private, non-final, nested classes annotated with @Configuration.
03:14:14.961 [Test worker] INFO org.springframework.boot.test.context.SpringBootTestContextBootstrapper -- Found @SpringBootConfiguration co.proyecto.sacm.SacmApplication for test class co.proyecto.sacm.SacmApplicationTests

  .   ____          _            __ _ _
 /\\ / ___'_ __ _ _(_)_ __  __ _ \ \ \ \
( ( )\___ | '_ | '_| | '_ \/ _` | \ \ \ \
 \\/  ___)| |_)| | | | | || (_| |  ) ) ) )
  '  |____| .__|_| |_|_| |_\__, | / / / /
 =========|_|==============|___/=/_/_/_/

 :: Spring Boot ::                (v3.5.5)

2025-09-04T03:14:15.294-05:00  INFO 21156 --- [sacm] [    Test worker] co.proyecto.sacm.SacmApplicationTests    : Starting SacmApplicationTests using Java 21.0.4 with PID 21156 (started by santiago in C:\Users\santiago\IdeaProjects\sacm)
2025-09-04T03:14:15.295-05:00  INFO 21156 --- [sacm] [    Test worker] co.proyecto.sacm.SacmApplicationTests    : No active profile set, falling back to 1 default profile: "default"
2025-09-04T03:14:16.280-05:00  INFO 21156 --- [sacm] [    Test worker] .s.d.r.c.RepositoryConfigurationDelegate : Bootstrapping Spring Data JPA repositories in DEFAULT mode.
2025-09-04T03:14:16.343-05:00  INFO 21156 --- [sacm] [    Test worker] .s.d.r.c.RepositoryConfigurationDelegate : Finished Spring Data repository scanning in 47 ms. Found 3 JPA repository interfaces.
2025-09-04T03:14:16.926-05:00  INFO 21156 --- [sacm] [    Test worker] com.zaxxer.hikari.HikariDataSource       : HikariPool-1 - Starting...
2025-09-04T03:14:17.072-05:00  INFO 21156 --- [sacm] [    Test worker] com.zaxxer.hikari.pool.HikariPool        : HikariPool-1 - Added connection org.postgresql.jdbc.PgConnection@5a7a6d34
2025-09-04T03:14:17.074-05:00  INFO 21156 --- [sacm] [    Test worker] com.zaxxer.hikari.HikariDataSource       : HikariPool-1 - Start completed.
2025-09-04T03:14:17.098-05:00  INFO 21156 --- [sacm] [    Test worker] org.flywaydb.core.FlywayExecutor         : Database: jdbc:postgresql://localhost:5432/sacmdb (PostgreSQL 16.10)
2025-09-04T03:14:17.137-05:00  INFO 21156 --- [sacm] [    Test worker] o.f.core.internal.command.DbValidate     : Successfully validated 1 migration (execution time 00:00.023s)
2025-09-04T03:14:17.174-05:00  INFO 21156 --- [sacm] [    Test worker] o.f.core.internal.command.DbMigrate      : Current version of schema "public": 1
2025-09-04T03:14:17.177-05:00  INFO 21156 --- [sacm] [    Test worker] o.f.core.internal.command.DbMigrate      : Schema "public" is up to date. No migration necessary.
2025-09-04T03:14:17.338-05:00  INFO 21156 --- [sacm] [    Test worker] o.hibernate.jpa.internal.util.LogHelper  : HHH000204: Processing PersistenceUnitInfo [name: default]
2025-09-04T03:14:17.428-05:00  INFO 21156 --- [sacm] [    Test worker] org.hibernate.Version                    : HHH000412: Hibernate ORM core version 6.6.26.Final
2025-09-04T03:14:17.471-05:00  INFO 21156 --- [sacm] [    Test worker] o.h.c.internal.RegionFactoryInitiator    : HHH000026: Second-level cache disabled
2025-09-04T03:14:17.739-05:00  INFO 21156 --- [sacm] [    Test worker] o.s.o.j.p.SpringPersistenceUnitInfo      : No LoadTimeWeaver setup: ignoring JPA class transformer
2025-09-04T03:14:17.789-05:00  WARN 21156 --- [sacm] [    Test worker] org.hibernate.orm.deprecation            : HHH90000025: PostgreSQLDialect does not need to be specified explicitly using 'hibernate.dialect' (remove the property setting and it will be selected by default)
2025-09-04T03:14:17.804-05:00  INFO 21156 --- [sacm] [    Test worker] org.hibernate.orm.connections.pooling    : HHH10001005: Database info:
	Database JDBC URL [Connecting through datasource 'HikariDataSource (HikariPool-1)']
	Database driver: undefined/unknown
	Database version: 16.10
	Autocommit mode: undefined/unknown
	Isolation level: undefined/unknown
	Minimum pool size: undefined/unknown
	Maximum pool size: undefined/unknown
2025-09-04T03:14:18.463-05:00  INFO 21156 --- [sacm] [    Test worker] o.h.e.t.j.p.i.JtaPlatformInitiator       : HHH000489: No JTA platform available (set 'hibernate.transaction.jta.platform' to enable JTA platform integration)
2025-09-04T03:14:18.493-05:00  INFO 21156 --- [sacm] [    Test worker] j.LocalContainerEntityManagerFactoryBean : Initialized JPA EntityManagerFactory for persistence unit 'default'
2025-09-04T03:14:19.070-05:00  WARN 21156 --- [sacm] [    Test worker] JpaBaseConfiguration$JpaWebConfiguration : spring.jpa.open-in-view is enabled by default. Therefore, database queries may be performed during view rendering. Explicitly configure spring.jpa.open-in-view to disable this warning
2025-09-04T03:14:19.810-05:00  INFO 21156 --- [sacm] [    Test worker] o.s.b.a.e.web.EndpointLinksResolver      : Exposing 3 endpoints beneath base path '/actuator'
2025-09-04T03:14:19.879-05:00  INFO 21156 --- [sacm] [    Test worker] co.proyecto.sacm.SacmApplicationTests    : Started SacmApplicationTests in 4.795 seconds (process running for 5.868)
]]></system-out>
  <system-err><![CDATA[Mockito is currently self-attaching to enable the inline-mock-maker. This will no longer work in future releases of the JDK. Please add Mockito as an agent to your build as described in Mockito's documentation: https://javadoc.io/doc/org.mockito/mockito-core/latest/org.mockito/org/mockito/Mockito.html#0.3
WARNING: A Java agent has been loaded dynamically (C:\Users\santiago\.gradle\caches\modules-2\files-2.1\net.bytebuddy\byte-buddy-agent\1.17.7\fbf3d6d649ed37fc9e9c59480a05be0a26e3c2da\byte-buddy-agent-1.17.7.jar)
WARNING: If a serviceability tool is in use, please run with -XX:+EnableDynamicAgentLoading to hide this warning
WARNING: If a serviceability tool is not in use, please run with -Djdk.instrument.traceUsage for more information
WARNING: Dynamic loading of agents will be disallowed by default in a future release
]]></system-err>
</testsuite>
